<?xml version="1.0" encoding="UTF-8"?>
<!-- Generated by org.testng.reporters.JUnitXMLReporter -->
<testsuite hostname="EPBYMINW5402" ignored="0" name="Test1" tests="3" failures="0" timestamp="21 Mar 2017 08:28:50 GMT" time="9.668" errors="0">
  <testcase name="assertOneCanOpenMainPage" time="1.489" classname="com.epam.YandexTest"/>
  <testcase name="assertOneCanSingIn" time="3.152" classname="com.epam.YandexTest"/>
  <testcase name="assertOneCanTakeCorrectSearchResult" time="2.614" classname="com.epam.YandexTest"/>
</testsuite> <!-- Test1 -->
